<?xml version="1.0" encoding="UTF-8"?>
<testng-results ignored="0" total="3" passed="3" failed="0" skipped="0">
  <reporter-output>
  </reporter-output>
  <suite started-at="2023-10-31T16:57:09 IST" name="Suite" finished-at="2023-10-31T16:57:23 IST" duration-ms="14169">
    <groups>
    </groups>
    <test started-at="2023-10-31T16:57:09 IST" name="Test" finished-at="2023-10-31T16:57:23 IST" duration-ms="14169">
      <class name="com.edulabtest.Googlesearchtest">
        <test-method is-config="true" signature="beforetest()[pri:0, instance:com.edulabtest.Googlesearchtest@771a660]" started-at="2023-10-31T16:57:09 IST" name="beforetest" finished-at="2023-10-31T16:57:20 IST" duration-ms="10891" status="PASS">
          <reporter-output>
          </reporter-output>
        </test-method> <!-- beforetest -->
        <test-method signature="googlesearch()[pri:0, instance:com.edulabtest.Googlesearchtest@771a660]" started-at="2023-10-31T16:57:20 IST" name="googlesearch" finished-at="2023-10-31T16:57:20 IST" duration-ms="440" status="PASS">
          <reporter-output>
          </reporter-output>
        </test-method> <!-- googlesearch -->
        <test-method signature="signfb()[pri:1, instance:com.edulabtest.Googlesearchtest@771a660]" started-at="2023-10-31T16:57:20 IST" name="signfb" finished-at="2023-10-31T16:57:22 IST" duration-ms="2142" status="PASS">
          <reporter-output>
          </reporter-output>
        </test-method> <!-- signfb -->
        <test-method signature="login_user()[pri:2, instance:com.edulabtest.Googlesearchtest@771a660]" started-at="2023-10-31T16:57:22 IST" name="login_user" finished-at="2023-10-31T16:57:23 IST" duration-ms="379" status="PASS">
          <reporter-output>
          </reporter-output>
        </test-method> <!-- login_user -->
        <test-method is-config="true" signature="aftertest()[pri:0, instance:com.edulabtest.Googlesearchtest@771a660]" started-at="2023-10-31T16:57:23 IST" name="aftertest" finished-at="2023-10-31T16:57:23 IST" duration-ms="256" status="PASS">
          <reporter-output>
          </reporter-output>
        </test-method> <!-- aftertest -->
      </class> <!-- com.edulabtest.Googlesearchtest -->
    </test> <!-- Test -->
  </suite> <!-- Suite -->
</testng-results>
