<?xml version="1.0" encoding="UTF-8"?>
<!-- Generated by org.testng.reporters.JUnitXMLReporter -->
<testsuite ignored="0" hostname="edulab3" failures="0" tests="3" name="Test" time="14.169" errors="0" timestamp="2023-10-31T16:57:23 IST">
  <testcase classname="com.edulabtest.Googlesearchtest" name="googlesearch" time="0.44"/>
  <testcase classname="com.edulabtest.Googlesearchtest" name="signfb" time="2.142"/>
  <testcase classname="com.edulabtest.Googlesearchtest" name="login_user" time="0.379"/>
</testsuite> <!-- Test -->
