<?xml version="1.0" encoding="UTF-8"?>
<testng-results ignored="0" total="4" passed="4" failed="0" skipped="0">
  <reporter-output>
  </reporter-output>
  <suite started-at="2023-10-23T16:51:32 IST" name="Command line suite" finished-at="2023-10-23T16:52:04 IST" duration-ms="32593">
    <groups>
    </groups>
    <test started-at="2023-10-23T16:51:32 IST" name="Command line test" finished-at="2023-10-23T16:52:04 IST" duration-ms="32593">
      <class name="com.qa.testpage.ForgetPasswordPage_Test">
        <test-method is-config="true" signature="setUp()[pri:0, instance:com.qa.testpage.ForgetPasswordPage_Test@dbf57b3]" started-at="2023-10-23T16:51:32 IST" name="setUp" finished-at="2023-10-23T16:51:40 IST" duration-ms="7779" status="PASS">
          <reporter-output>
          </reporter-output>
        </test-method> <!-- setUp -->
        <test-method signature="validate_ForgetPassLink()[pri:0, instance:com.qa.testpage.ForgetPasswordPage_Test@dbf57b3]" started-at="2023-10-23T16:51:40 IST" name="validate_ForgetPassLink" finished-at="2023-10-23T16:51:42 IST" duration-ms="2450" status="PASS">
          <reporter-output>
          </reporter-output>
        </test-method> <!-- validate_ForgetPassLink -->
        <test-method is-config="true" signature="teardown()[pri:0, instance:com.qa.testpage.ForgetPasswordPage_Test@dbf57b3]" started-at="2023-10-23T16:51:42 IST" name="teardown" finished-at="2023-10-23T16:51:42 IST" duration-ms="117" status="PASS">
          <reporter-output>
          </reporter-output>
        </test-method> <!-- teardown -->
      </class> <!-- com.qa.testpage.ForgetPasswordPage_Test -->
      <class name="com.qa.testpage.SignUpPage_Test">
        <test-method is-config="true" signature="setUp()[pri:0, instance:com.qa.testpage.SignUpPage_Test@61862a7f]" started-at="2023-10-23T16:51:55 IST" name="setUp" finished-at="2023-10-23T16:52:00 IST" duration-ms="5416" status="PASS">
          <reporter-output>
          </reporter-output>
        </test-method> <!-- setUp -->
        <test-method signature="Validate_SignUpLink()[pri:1, instance:com.qa.testpage.SignUpPage_Test@61862a7f]" started-at="2023-10-23T16:52:00 IST" name="Validate_SignUpLink" finished-at="2023-10-23T16:52:04 IST" duration-ms="4046" status="PASS">
          <reporter-output>
          </reporter-output>
        </test-method> <!-- Validate_SignUpLink -->
        <test-method is-config="true" signature="teardown()[pri:0, instance:com.qa.testpage.SignUpPage_Test@61862a7f]" started-at="2023-10-23T16:52:04 IST" name="teardown" finished-at="2023-10-23T16:52:04 IST" duration-ms="217" status="PASS">
          <reporter-output>
          </reporter-output>
        </test-method> <!-- teardown -->
      </class> <!-- com.qa.testpage.SignUpPage_Test -->
      <class name="com.qa.testpage.LoginPage_Test">
        <test-method is-config="true" signature="setUp()[pri:0, instance:com.qa.testpage.LoginPage_Test@384ad17b]" started-at="2023-10-23T16:51:42 IST" name="setUp" finished-at="2023-10-23T16:51:49 IST" duration-ms="6924" status="PASS">
          <reporter-output>
          </reporter-output>
        </test-method> <!-- setUp -->
        <test-method signature="loginPageTitleTest()[pri:1, instance:com.qa.testpage.LoginPage_Test@384ad17b]" started-at="2023-10-23T16:51:49 IST" name="loginPageTitleTest" finished-at="2023-10-23T16:51:49 IST" duration-ms="10" status="PASS">
          <reporter-output>
          </reporter-output>
        </test-method> <!-- loginPageTitleTest -->
        <test-method is-config="true" signature="setUp()[pri:0, instance:com.qa.testpage.LoginPage_Test@384ad17b]" started-at="2023-10-23T16:51:49 IST" name="setUp" finished-at="2023-10-23T16:51:54 IST" duration-ms="5355" status="PASS">
          <reporter-output>
          </reporter-output>
        </test-method> <!-- setUp -->
        <test-method signature="loginpage_Test()[pri:2, instance:com.qa.testpage.LoginPage_Test@384ad17b]" started-at="2023-10-23T16:51:54 IST" name="loginpage_Test" finished-at="2023-10-23T16:51:55 IST" duration-ms="245" status="PASS">
          <reporter-output>
          </reporter-output>
        </test-method> <!-- loginpage_Test -->
      </class> <!-- com.qa.testpage.LoginPage_Test -->
    </test> <!-- Command line test -->
  </suite> <!-- Command line suite -->
</testng-results>
