<?xml version="1.0" encoding="UTF-8"?>
<!-- Generated by org.testng.reporters.JUnitXMLReporter -->
<testsuite ignored="0" hostname="edulab3" failures="0" tests="3" name="Default test" time="9.622" errors="0" timestamp="2023-08-25T16:19:44 IST">
  <testcase classname="com.edulabtest.Googlesearchtest" name="googlesearch" time="0.445"/>
  <testcase classname="com.edulabtest.Googlesearchtest" name="signfb" time="2.826"/>
  <testcase classname="com.edulabtest.Googlesearchtest" name="login_user" time="0.187"/>
</testsuite> <!-- Default test -->
