<?xml version="1.0" encoding="UTF-8"?>
<!-- Generated by org.testng.reporters.JUnitXMLReporter -->
<testsuite ignored="0" hostname="edulab3" failures="0" tests="4" name="Command line test" time="32.593" errors="0" timestamp="2023-10-23T16:52:04 IST">
  <testcase classname="com.qa.testpage.ForgetPasswordPage_Test" name="validate_ForgetPassLink" time="2.45"/>
  <testcase classname="com.qa.testpage.LoginPage_Test" name="loginPageTitleTest" time="0.01"/>
  <testcase classname="com.qa.testpage.LoginPage_Test" name="loginpage_Test" time="0.245"/>
  <testcase classname="com.qa.testpage.SignUpPage_Test" name="Validate_SignUpLink" time="4.046"/>
</testsuite> <!-- Command line test -->
